#
# There is insufficient memory for the Java Runtime Environment to continue.
# Native memory allocation (malloc) failed to allocate 406464 bytes for Chunk::new
# Possible reasons:
#   The system is out of physical RAM or swap space
#   The process is running with CompressedOops enabled, and the Java Heap may be blocking the growth of the native heap
# Possible solutions:
#   Reduce memory load on the system
#   Increase physical memory or swap space
#   Check if swap backing store is full
#   Decrease Java heap size (-Xmx/-Xms)
#   Decrease number of Java threads
#   Decrease Java thread stack sizes (-Xss)
#   Set larger code cache with -XX:ReservedCodeCacheSize=
#   JVM is running with Unscaled Compressed Oops mode in which the Java heap is
#     placed in the first 4GB address space. The Java Heap base address is the
#     maximum limit for the native heap growth. Please use -XX:HeapBaseMinAddress
#     to set the Java Heap base and to place the Java Heap above 4GB virtual address.
# This output file may be truncated or incomplete.
#
#  Out of Memory Error (allocation.cpp:389), pid=18392, tid=0x0000000000000f80
#
# JRE version: Java(TM) SE Runtime Environment (8.0_281-b09) (build 1.8.0_281-b09)
# Java VM: Java HotSpot(TM) 64-Bit Server VM (25.281-b09 mixed mode windows-amd64 compressed oops)
# Failed to write core dump. Minidumps are not enabled by default on client versions of Windows
#

---------------  T H R E A D  ---------------

Current thread (0x00000203488dc800):  JavaThread "C2 CompilerThread2" daemon [_thread_in_native, id=3968, stack(0x000000d5e0d00000,0x000000d5e0e00000)]

Stack: [0x000000d5e0d00000,0x000000d5e0e00000]
Native frames: (J=compiled Java code, j=interpreted, Vv=VM code, C=native code)
V  [jvm.dll+0x32e5b9]
V  [jvm.dll+0x275012]
V  [jvm.dll+0x275cbd]
V  [jvm.dll+0x26c6f5]
V  [jvm.dll+0xd51fc]
V  [jvm.dll+0xd59fc]
V  [jvm.dll+0x46f915]
V  [jvm.dll+0x4373e0]
V  [jvm.dll+0x4403d5]
V  [jvm.dll+0x43f795]
V  [jvm.dll+0x42a5e7]
V  [jvm.dll+0xabe9b]
V  [jvm.dll+0xaa4fb]
V  [jvm.dll+0x23d6b2]
V  [jvm.dll+0x291cbc]
C  [ucrtbase.dll+0x210b2]
C  [KERNEL32.DLL+0x17c24]
C  [ntdll.dll+0x6d721]


Current CompileTask:
C2:   1621 1770       4       java.io.WinNTFileSystem::normalize (231 bytes)


---------------  P R O C E S S  ---------------

Java Threads: ( => current thread )
  0x00000203488ec000 JavaThread "Service Thread" daemon [_thread_blocked, id=10044, stack(0x000000d5e0f00000,0x000000d5e1000000)]
  0x00000203488df800 JavaThread "C1 CompilerThread3" daemon [_thread_blocked, id=17628, stack(0x000000d5e0e00000,0x000000d5e0f00000)]
=>0x00000203488dc800 JavaThread "C2 CompilerThread2" daemon [_thread_in_native, id=3968, stack(0x000000d5e0d00000,0x000000d5e0e00000)]
  0x00000203488d9800 JavaThread "C2 CompilerThread1" daemon [_thread_in_native, id=10836, stack(0x000000d5e0c00000,0x000000d5e0d00000)]
  0x00000203488d9000 JavaThread "C2 CompilerThread0" daemon [_thread_in_native, id=19404, stack(0x000000d5e0b00000,0x000000d5e0c00000)]
  0x00000203488d7000 JavaThread "Monitor Ctrl-Break" daemon [_thread_in_native, id=18208, stack(0x000000d5e0a00000,0x000000d5e0b00000)]
  0x0000020346b20800 JavaThread "Attach Listener" daemon [_thread_blocked, id=13212, stack(0x000000d5e0900000,0x000000d5e0a00000)]
  0x0000020346b1f800 JavaThread "Signal Dispatcher" daemon [_thread_blocked, id=15356, stack(0x000000d5e0800000,0x000000d5e0900000)]
  0x0000020346af2000 JavaThread "Finalizer" daemon [_thread_blocked, id=4004, stack(0x000000d5e0700000,0x000000d5e0800000)]
  0x0000020346ae3800 JavaThread "Reference Handler" daemon [_thread_blocked, id=19252, stack(0x000000d5e0600000,0x000000d5e0700000)]
  0x0000020333fae000 JavaThread "main" [_thread_in_vm, id=18708, stack(0x000000d5dfc00000,0x000000d5dfd00000)]

Other Threads:
  0x0000020346abc000 VMThread [stack: 0x000000d5e0500000,0x000000d5e0600000] [id=17540]
  0x00000203488f0000 WatcherThread [stack: 0x000000d5e1000000,0x000000d5e1100000] [id=18252]

VM state:not at safepoint (normal execution)

VM Mutex/Monitor currently owned by a thread: None

heap address: 0x00000000e0000000, size: 512 MB, Compressed Oops mode: 32-bit
Narrow klass base: 0x0000000000000000, Narrow klass shift: 3
Compressed class space size: 1073741824 Address: 0x0000000100000000

Heap:
 PSYoungGen      total 38400K, used 12501K [0x00000000f5580000, 0x00000000f8000000, 0x0000000100000000)
  eden space 33280K, 22% used [0x00000000f5580000,0x00000000f5cb6060,0x00000000f7600000)
  from space 5120K, 99% used [0x00000000f7600000,0x00000000f7aff708,0x00000000f7b00000)
  to   space 5120K, 0% used [0x00000000f7b00000,0x00000000f7b00000,0x00000000f8000000)
 ParOldGen       total 87552K, used 3946K [0x00000000e0000000, 0x00000000e5580000, 0x00000000f5580000)
  object space 87552K, 4% used [0x00000000e0000000,0x00000000e03daac0,0x00000000e5580000)
 Metaspace       used 15946K, capacity 16246K, committed 16384K, reserved 1062912K
  class space    used 1927K, capacity 2008K, committed 2048K, reserved 1048576K

Card table byte_map: [0x0000020344dd0000,0x0000020344ee0000] byte_map_base: 0x00000203446d0000

Marking Bits: (ParMarkBitMap*) 0x0000000057376ff0
 Begin Bits: [0x0000020344f90000, 0x0000020345790000)
 End Bits:   [0x0000020345790000, 0x0000020345f90000)

Polling page: 0x00000203341d0000

CodeCache: size=245760Kb used=6296Kb max_used=6296Kb free=239463Kb
 bounds [0x0000020335a10000, 0x0000020336040000, 0x0000020344a10000]
 total_blobs=2209 nmethods=1834 adapters=287
 compilation: enabled

Compilation events (10 events):
Event: 1.602 Thread 0x00000203488df800 1825       3       java.util.LinkedHashMap$LinkedKeySet::iterator (12 bytes)
Event: 1.602 Thread 0x00000203488df800 nmethod 1825 0x000002033602bbd0 code [0x000002033602bd40, 0x000002033602c058]
Event: 1.602 Thread 0x00000203488df800 1826       3       java.util.LinkedHashMap$LinkedKeyIterator::<init> (11 bytes)
Event: 1.602 Thread 0x00000203488df800 nmethod 1826 0x000002033602c1d0 code [0x000002033602c340, 0x000002033602c5b8]
Event: 1.603 Thread 0x00000203488df800 1827       3       org.eclipse.aether.repository.RemoteRepository::hash (13 bytes)
Event: 1.603 Thread 0x00000203488df800 nmethod 1827 0x000002033602c6d0 code [0x000002033602c840, 0x000002033602ca90]
Event: 1.603 Thread 0x00000203488df800 1828       3       java.io.WinNTFileSystem::parentOrNull (171 bytes)
Event: 1.604 Thread 0x00000203488df800 nmethod 1828 0x000002033602cb50 code [0x000002033602cd80, 0x000002033602dbe0]
Event: 1.605 Thread 0x00000203488df800 1829       1       sun.util.locale.BaseLocale::getRegion (5 bytes)
Event: 1.605 Thread 0x00000203488df800 nmethod 1829 0x000002033602e1d0 code [0x000002033602e320, 0x000002033602e438]

GC Heap History (6 events):
Event: 0.727 GC heap before
{Heap before GC invocations=1 (full 0):
 PSYoungGen      total 38400K, used 33280K [0x00000000f5580000, 0x00000000f8000000, 0x0000000100000000)
  eden space 33280K, 100% used [0x00000000f5580000,0x00000000f7600000,0x00000000f7600000)
  from space 5120K, 0% used [0x00000000f7b00000,0x00000000f7b00000,0x00000000f8000000)
  to   space 5120K, 0% used [0x00000000f7600000,0x00000000f7600000,0x00000000f7b00000)
 ParOldGen       total 87552K, used 0K [0x00000000e0000000, 0x00000000e5580000, 0x00000000f5580000)
  object space 87552K, 0% used [0x00000000e0000000,0x00000000e0000000,0x00000000e5580000)
 Metaspace       used 8784K, capacity 8956K, committed 9088K, reserved 1056768K
  class space    used 1050K, capacity 1112K, committed 1152K, reserved 1048576K
Event: 0.735 GC heap after
Heap after GC invocations=1 (full 0):
 PSYoungGen      total 38400K, used 5109K [0x00000000f5580000, 0x00000000f8000000, 0x0000000100000000)
  eden space 33280K, 0% used [0x00000000f5580000,0x00000000f5580000,0x00000000f7600000)
  from space 5120K, 99% used [0x00000000f7600000,0x00000000f7afd730,0x00000000f7b00000)
  to   space 5120K, 0% used [0x00000000f7b00000,0x00000000f7b00000,0x00000000f8000000)
 ParOldGen       total 87552K, used 219K [0x00000000e0000000, 0x00000000e5580000, 0x00000000f5580000)
  object space 87552K, 0% used [0x00000000e0000000,0x00000000e0036d80,0x00000000e5580000)
 Metaspace       used 8784K, capacity 8956K, committed 9088K, reserved 1056768K
  class space    used 1050K, capacity 1112K, committed 1152K, reserved 1048576K
}
Event: 1.033 GC heap before
{Heap before GC invocations=2 (full 0):
 PSYoungGen      total 38400K, used 38389K [0x00000000f5580000, 0x00000000f8000000, 0x0000000100000000)
  eden space 33280K, 100% used [0x00000000f5580000,0x00000000f7600000,0x00000000f7600000)
  from space 5120K, 99% used [0x00000000f7600000,0x00000000f7afd730,0x00000000f7b00000)
  to   space 5120K, 0% used [0x00000000f7b00000,0x00000000f7b00000,0x00000000f8000000)
 ParOldGen       total 87552K, used 219K [0x00000000e0000000, 0x00000000e5580000, 0x00000000f5580000)
  object space 87552K, 0% used [0x00000000e0000000,0x00000000e0036d80,0x00000000e5580000)
 Metaspace       used 11489K, capacity 11690K, committed 12032K, reserved 1060864K
  class space    used 1391K, capacity 1446K, committed 1536K, reserved 1048576K
Event: 1.038 GC heap after
Heap after GC invocations=2 (full 0):
 PSYoungGen      total 38400K, used 5106K [0x00000000f5580000, 0x00000000f8000000, 0x0000000100000000)
  eden space 33280K, 0% used [0x00000000f5580000,0x00000000f5580000,0x00000000f7600000)
  from space 5120K, 99% used [0x00000000f7b00000,0x00000000f7ffcac8,0x00000000f8000000)
  to   space 5120K, 0% used [0x00000000f7600000,0x00000000f7600000,0x00000000f7b00000)
 ParOldGen       total 87552K, used 1691K [0x00000000e0000000, 0x00000000e5580000, 0x00000000f5580000)
  object space 87552K, 1% used [0x00000000e0000000,0x00000000e01a6d38,0x00000000e5580000)
 Metaspace       used 11489K, capacity 11690K, committed 12032K, reserved 1060864K
  class space    used 1391K, capacity 1446K, committed 1536K, reserved 1048576K
}
Event: 1.462 GC heap before
{Heap before GC invocations=3 (full 0):
 PSYoungGen      total 38400K, used 38386K [0x00000000f5580000, 0x00000000f8000000, 0x0000000100000000)
  eden space 33280K, 100% used [0x00000000f5580000,0x00000000f7600000,0x00000000f7600000)
  from space 5120K, 99% used [0x00000000f7b00000,0x00000000f7ffcac8,0x00000000f8000000)
  to   space 5120K, 0% used [0x00000000f7600000,0x00000000f7600000,0x00000000f7b00000)
 ParOldGen       total 87552K, used 1691K [0x00000000e0000000, 0x00000000e5580000, 0x00000000f5580000)
  object space 87552K, 1% used [0x00000000e0000000,0x00000000e01a6d38,0x00000000e5580000)
 Metaspace       used 15338K, capacity 15626K, committed 15872K, reserved 1062912K
  class space    used 1866K, capacity 1974K, committed 2048K, reserved 1048576K
Event: 1.469 GC heap after
Heap after GC invocations=3 (full 0):
 PSYoungGen      total 38400K, used 5117K [0x00000000f5580000, 0x00000000f8000000, 0x0000000100000000)
  eden space 33280K, 0% used [0x00000000f5580000,0x00000000f5580000,0x00000000f7600000)
  from space 5120K, 99% used [0x00000000f7600000,0x00000000f7aff708,0x00000000f7b00000)
  to   space 5120K, 0% used [0x00000000f7b00000,0x00000000f7b00000,0x00000000f8000000)
 ParOldGen       total 87552K, used 3946K [0x00000000e0000000, 0x00000000e5580000, 0x00000000f5580000)
  object space 87552K, 4% used [0x00000000e0000000,0x00000000e03daac0,0x00000000e5580000)
 Metaspace       used 15338K, capacity 15626K, committed 15872K, reserved 1062912K
  class space    used 1866K, capacity 1974K, committed 2048K, reserved 1048576K
}

Deoptimization events (10 events):
Event: 0.757 Thread 0x0000020333fae000 Uncommon trap: reason=unstable_if action=reinterpret pc=0x0000020335d126fc method=org.codehaus.plexus.util.xml.pull.MXParser.nextImpl()I @ 1046
Event: 0.810 Thread 0x0000020333fae000 Uncommon trap: reason=unstable_if action=reinterpret pc=0x0000020335cb90c8 method=java.util.HashMap.getNode(ILjava/lang/Object;)Ljava/util/HashMap$Node; @ 129
Event: 0.810 Thread 0x0000020333fae000 Uncommon trap: reason=unstable_if action=reinterpret pc=0x0000020335ca613c method=java.util.HashMap.getNode(ILjava/lang/Object;)Ljava/util/HashMap$Node; @ 129
Event: 0.820 Thread 0x0000020333fae000 Uncommon trap: reason=range_check action=make_not_entrant pc=0x0000020335d33820 method=sun.reflect.generics.parser.SignatureParser.current()C @ 34
Event: 1.332 Thread 0x0000020333fae000 Uncommon trap: reason=unstable_if action=reinterpret pc=0x0000020335f4c250 method=org.eclipse.sisu.inject.InjectorBindings.isAssignableFrom(Lcom/google/inject/TypeLiteral;Lcom/google/inject/Binding;)Z @ 14
Event: 1.333 Thread 0x0000020333fae000 Uncommon trap: reason=null_check action=make_not_entrant pc=0x0000020335c14bb0 method=java.lang.String.equals(Ljava/lang/Object;)Z @ 8
Event: 1.336 Thread 0x0000020333fae000 Uncommon trap: reason=unstable_if action=reinterpret pc=0x0000020335c38d14 method=sun.misc.MetaIndex.mayContain(Ljava/lang/String;)Z @ 38
Event: 1.439 Thread 0x0000020333fae000 Uncommon trap: reason=unstable_if action=reinterpret pc=0x0000020335bede70 method=java.lang.String.replace(CC)Ljava/lang/String; @ 2
Event: 1.517 Thread 0x0000020333fae000 Uncommon trap: reason=unstable_if action=reinterpret pc=0x0000020335cd5304 method=sun.nio.cs.UTF_8$Decoder.decodeArrayLoop(Ljava/nio/ByteBuffer;Ljava/nio/CharBuffer;)Ljava/nio/charset/CoderResult; @ 84
Event: 1.542 Thread 0x0000020333fae000 Uncommon trap: reason=unstable_if action=reinterpret pc=0x0000020336000998 method=org.codehaus.plexus.util.xml.pull.MXParser.nextImpl()I @ 1161

Classes redefined (0 events):
No events

Internal exceptions (10 events):
Event: 0.656 Thread 0x0000020333fae000 Exception <a 'java/lang/ArrayIndexOutOfBoundsException'> (0x00000000f6ebdce0) thrown at [C:\jenkins\workspace\8-2-build-windows-amd64-cygwin\jdk8u281\880\hotspot\src\share\vm\runtime\sharedRuntime.cpp, line 609]
Event: 0.658 Thread 0x0000020333fae000 Exception <a 'java/lang/ArrayIndexOutOfBoundsException'> (0x00000000f6eddda8) thrown at [C:\jenkins\workspace\8-2-build-windows-amd64-cygwin\jdk8u281\880\hotspot\src\share\vm\runtime\sharedRuntime.cpp, line 609]
Event: 0.663 Thread 0x0000020333fae000 Exception <a 'java/lang/ArrayIndexOutOfBoundsException'> (0x00000000f6f25868) thrown at [C:\jenkins\workspace\8-2-build-windows-amd64-cygwin\jdk8u281\880\hotspot\src\share\vm\runtime\sharedRuntime.cpp, line 609]
Event: 0.763 Thread 0x0000020333fae000 Exception <a 'java/lang/ArrayIndexOutOfBoundsException'> (0x00000000f5934980) thrown at [C:\jenkins\workspace\8-2-build-windows-amd64-cygwin\jdk8u281\880\hotspot\src\share\vm\runtime\sharedRuntime.cpp, line 609]
Event: 0.764 Thread 0x0000020333fae000 Exception <a 'java/lang/ArrayIndexOutOfBoundsException'> (0x00000000f59392e0) thrown at [C:\jenkins\workspace\8-2-build-windows-amd64-cygwin\jdk8u281\880\hotspot\src\share\vm\runtime\sharedRuntime.cpp, line 609]
Event: 0.820 Thread 0x0000020333fae000 Exception <a 'java/lang/ArrayIndexOutOfBoundsException': 66> (0x00000000f5ca9978) thrown at [C:\jenkins\workspace\8-2-build-windows-amd64-cygwin\jdk8u281\880\hotspot\src\share\vm\interpreter\interpreterRuntime.cpp, line 371]
Event: 1.264 Thread 0x0000020333fae000 Exception <a 'java/lang/NoClassDefFoundError': com/google/inject/servlet/ServletModuleTargetVisitor> (0x00000000f690ea78) thrown at [C:\jenkins\workspace\8-2-build-windows-amd64-cygwin\jdk8u281\880\hotspot\src\share\vm\classfile\systemDictionary.cpp, line
Event: 1.264 Thread 0x0000020333fae000 Exception <a 'java/lang/NoClassDefFoundError'> (0x00000000f690ea78) thrown at [C:\jenkins\workspace\8-2-build-windows-amd64-cygwin\jdk8u281\880\hotspot\src\share\vm\prims\jvm.cpp, line 1516]
Event: 1.264 Thread 0x0000020333fae000 Exception <a 'java/lang/NoClassDefFoundError': javax/annotation/Priority> (0x00000000f6913850) thrown at [C:\jenkins\workspace\8-2-build-windows-amd64-cygwin\jdk8u281\880\hotspot\src\share\vm\classfile\systemDictionary.cpp, line 201]
Event: 1.333 Thread 0x0000020333fae000 Implicit null exception at 0x0000020335c149d8 to 0x0000020335c14ba1

Events (10 events):
Event: 1.577 loading class org/eclipse/aether/internal/impl/collect/DataPool$Constraint
Event: 1.577 loading class org/eclipse/aether/internal/impl/collect/DataPool$Constraint done
Event: 1.577 loading class org/eclipse/aether/internal/impl/collect/DataPool$Constraint$VersionRepo
Event: 1.577 loading class org/eclipse/aether/internal/impl/collect/DataPool$Constraint$VersionRepo done
Event: 1.600 loading class org/eclipse/aether/internal/impl/collect/DataPool$GoodDescriptor
Event: 1.600 loading class org/eclipse/aether/internal/impl/collect/DataPool$GoodDescriptor done
Event: 1.601 loading class org/eclipse/aether/internal/impl/collect/DataPool$Descriptor
Event: 1.601 loading class org/eclipse/aether/internal/impl/collect/DataPool$Descriptor done
Event: 1.601 loading class org/eclipse/aether/internal/impl/collect/DataPool$GraphKey
Event: 1.601 loading class org/eclipse/aether/internal/impl/collect/DataPool$GraphKey done


Dynamic libraries:
0x00007ff6f4f50000 - 0x00007ff6f4f97000 	C:\Application\Java\jdk-1.8.281\bin\java.exe
0x00007ffe71140000 - 0x00007ffe71330000 	C:\Windows\SYSTEM32\ntdll.dll
0x00007ffe71040000 - 0x00007ffe710f2000 	C:\Windows\System32\KERNEL32.DLL
0x00007ffe6e0f0000 - 0x00007ffe6e395000 	C:\Windows\System32\KERNELBASE.dll
0x00007ffe6f360000 - 0x00007ffe6f403000 	C:\Windows\System32\ADVAPI32.dll
0x00007ffe6fbe0000 - 0x00007ffe6fc7e000 	C:\Windows\System32\msvcrt.dll
0x00007ffe6fb30000 - 0x00007ffe6fbc7000 	C:\Windows\System32\sechost.dll
0x00007ffe70570000 - 0x00007ffe7068f000 	C:\Windows\System32\RPCRT4.dll
0x00007ffe70900000 - 0x00007ffe70a94000 	C:\Windows\System32\USER32.dll
0x00007ffe6f020000 - 0x00007ffe6f041000 	C:\Windows\System32\win32u.dll
0x00007ffe6f8f0000 - 0x00007ffe6f916000 	C:\Windows\System32\GDI32.dll
0x00007ffe6e5f0000 - 0x00007ffe6e788000 	C:\Windows\System32\gdi32full.dll
0x00007ffe6f050000 - 0x00007ffe6f0ee000 	C:\Windows\System32\msvcp_win.dll
0x00007ffe6e4f0000 - 0x00007ffe6e5ea000 	C:\Windows\System32\ucrtbase.dll
0x00007ffe4b960000 - 0x00007ffe4bbe4000 	C:\Windows\WinSxS\amd64_microsoft.windows.common-controls_6595b64144ccf1df_6.0.18362.1379_none_9e7ff3b3e45cc0c4\COMCTL32.dll
0x00007ffe6f410000 - 0x00007ffe6f747000 	C:\Windows\System32\combase.dll
0x00007ffe6f0f0000 - 0x00007ffe6f171000 	C:\Windows\System32\bcryptPrimitives.dll
0x00007ffe707f0000 - 0x00007ffe7081e000 	C:\Windows\System32\IMM32.DLL
0x00007ffe692c0000 - 0x00007ffe692d5000 	C:\Application\Java\jdk-1.8.281\jre\bin\vcruntime140.dll
0x00007ffe62110000 - 0x00007ffe621ab000 	C:\Application\Java\jdk-1.8.281\jre\bin\msvcp140.dll
0x0000000056b90000 - 0x00000000573ef000 	C:\Application\Java\jdk-1.8.281\jre\bin\server\jvm.dll
0x00007ffe6fbd0000 - 0x00007ffe6fbd8000 	C:\Windows\System32\PSAPI.DLL
0x00007ffe5dcc0000 - 0x00007ffe5dcc9000 	C:\Windows\SYSTEM32\WSOCK32.dll
0x00007ffe5bfe0000 - 0x00007ffe5c004000 	C:\Windows\SYSTEM32\WINMM.dll
0x00007ffe68720000 - 0x00007ffe6872a000 	C:\Windows\SYSTEM32\VERSION.dll
0x00007ffe70890000 - 0x00007ffe708ff000 	C:\Windows\System32\WS2_32.dll
0x00007ffe5d960000 - 0x00007ffe5d98d000 	C:\Windows\SYSTEM32\winmmbase.dll
0x00007ffe6f180000 - 0x00007ffe6f1ca000 	C:\Windows\System32\cfgmgr32.dll
0x00007ffe6e0a0000 - 0x00007ffe6e0b1000 	C:\Windows\System32\kernel.appcore.dll
0x00007ffe697f0000 - 0x00007ffe69800000 	C:\Application\Java\jdk-1.8.281\jre\bin\verify.dll
0x00007ffe69270000 - 0x00007ffe6929b000 	C:\Application\Java\jdk-1.8.281\jre\bin\java.dll
0x00007ffe44580000 - 0x00007ffe445b0000 	C:\Application\Java\jdk-1.8.281\jre\bin\instrument.dll
0x00007ffe69190000 - 0x00007ffe691a8000 	C:\Application\Java\jdk-1.8.281\jre\bin\zip.dll
0x00007ffe6fe20000 - 0x00007ffe70508000 	C:\Windows\System32\SHELL32.dll
0x00007ffe6f830000 - 0x00007ffe6f8d7000 	C:\Windows\System32\shcore.dll
0x00007ffe6e7f0000 - 0x00007ffe6ef6b000 	C:\Windows\System32\windows.storage.dll
0x00007ffe6e020000 - 0x00007ffe6e043000 	C:\Windows\System32\profapi.dll
0x00007ffe6e050000 - 0x00007ffe6e09a000 	C:\Windows\System32\powrprof.dll
0x00007ffe6dff0000 - 0x00007ffe6e000000 	C:\Windows\System32\UMPDC.dll
0x00007ffe6f750000 - 0x00007ffe6f7a2000 	C:\Windows\System32\shlwapi.dll
0x00007ffe6f1d0000 - 0x00007ffe6f1e7000 	C:\Windows\System32\cryptsp.dll
0x00007ffe5db90000 - 0x00007ffe5dbaa000 	C:\Application\JetBrains\IntelliJ IDEA 2020.1.3\bin\breakgen64.dll
0x00007ffe68f20000 - 0x00007ffe68f3c000 	C:\Application\Java\jdk-1.8.281\jre\bin\net.dll
0x00007ffe6d7e0000 - 0x00007ffe6d847000 	C:\Windows\system32\mswsock.dll
0x00007ffe6d370000 - 0x00007ffe6d3a3000 	C:\Windows\system32\rsaenh.dll
0x00007ffe6e0c0000 - 0x00007ffe6e0e6000 	C:\Windows\System32\bcrypt.dll
0x00007ffe6df10000 - 0x00007ffe6df35000 	C:\Windows\SYSTEM32\USERENV.dll
0x00007ffe6d960000 - 0x00007ffe6d96c000 	C:\Windows\SYSTEM32\CRYPTBASE.dll
0x00007ffe6d500000 - 0x00007ffe6d53a000 	C:\Windows\SYSTEM32\IPHLPAPI.DLL
0x00007ffe6f1f0000 - 0x00007ffe6f1f8000 	C:\Windows\System32\NSI.dll
0x00007ffe666b0000 - 0x00007ffe666c6000 	C:\Windows\SYSTEM32\dhcpcsvc6.DLL
0x00007ffe621e0000 - 0x00007ffe621fc000 	C:\Windows\SYSTEM32\dhcpcsvc.DLL
0x00007ffe6d540000 - 0x00007ffe6d60b000 	C:\Windows\SYSTEM32\DNSAPI.dll
0x00007ffe69200000 - 0x00007ffe69213000 	C:\Application\Java\jdk-1.8.281\jre\bin\nio.dll
0x00007ffe69160000 - 0x00007ffe6916a000 	C:\Users\guoyh\AppData\Local\Temp\jansi-1.17.1-788766687501935669.dll
0x00007ffe68460000 - 0x00007ffe6846a000 	C:\Users\guoyh\AppData\Local\Temp\jansi-1.17.1-4019818192853463994.dll
0x00007ffe6ab00000 - 0x00007ffe6acf4000 	C:\Windows\SYSTEM32\dbghelp.dll

VM Arguments:
jvm_args: -Dmaven.multiModuleProjectDirectory=D:\programing\learn-javafx -Xms128m -Xmx512m -Dmaven.home=C:\Application\JetBrains\IntelliJ IDEA 2020.1.3\plugins\maven\lib\maven3 -Dclassworlds.conf=C:\Application\JetBrains\IntelliJ IDEA 2020.1.3\plugins\maven\lib\maven3\bin\m2.conf -Dmaven.ext.class.path=C:\Application\JetBrains\IntelliJ IDEA 2020.1.3\plugins\maven\lib\maven-event-listener.jar -javaagent:C:\Application\JetBrains\IntelliJ IDEA 2020.1.3\lib\idea_rt.jar=62168:C:\Application\JetBrains\IntelliJ IDEA 2020.1.3\bin -Dfile.encoding=UTF-8 
java_command: org.codehaus.classworlds.Launcher -Didea.version2020.1.3 clean
java_class_path (initial): C:\Application\JetBrains\IntelliJ IDEA 2020.1.3\plugins\maven\lib\maven3\boot\plexus-classworlds-2.6.0.jar;C:\Application\JetBrains\IntelliJ IDEA 2020.1.3\plugins\maven\lib\maven3\boot\plexus-classworlds.license;C:\Application\JetBrains\IntelliJ IDEA 2020.1.3\lib\idea_rt.jar
Launcher Type: SUN_STANDARD

Environment Variables:
JAVA_HOME=C:\Application\Java\jdk-1.8.281
PATH=C:\Program Files (x86)\Common Files\Oracle\Java\javapath;C:\Application\Java\jdk-1.8.281\bin;D:\Application\nvm;D:\Application\node;C:\Program Files\Common Files\Oracle\Java\javapath;C:\Windows\system32;C:\Windows;C:\Windows\System32\Wbem;C:\Windows\System32\WindowsPowerShell\v1.0\;C:\Windows\System32\OpenSSH\;C:\Application\Git\cmd;C:\Program Files\dotnet\;C:\Application\Python2.7.16;C:\Users\guoyh\AppData\Local\Yarn\bin;D:\Application\TortoiseSVN1.14\bin;;C:\Program Files\Docker\Docker\resources\bin;C:\ProgramData\DockerDesktop\version-bin;C:\Program Files\MySQL\MySQL Shell 8.0\bin\;%USERPROFILE%\AppData\Local\Microsoft\WindowsApps;C:\Application\Microsoft VS Code\bin;%JAVA_HOME%\bin;%MAVEN_HOME%\bin;C:\Application\Anacoda;C:\Application\Anacoda\Scripts;C:\Application\Anacoda\Library\bin;C:\Users\guoyh\AppData\Local\Yarn\bin;C:\Application\Python2.7.16;%USERPROFILE%\.dotnet\tools;%NVM_HOME%;%NVM_SYMLINK%;C:\Users\guoyh\AppData\Local\hyper\app-3.0.2\resources\bin
USERNAME=guoyh
OS=Windows_NT
PROCESSOR_IDENTIFIER=Intel64 Family 6 Model 142 Stepping 12, GenuineIntel



---------------  S Y S T E M  ---------------

OS: Windows 10.0 , 64 bit Build 18362 (10.0.18362.1350)

CPU:total 8 (initial active 8) (4 cores per cpu, 2 threads per core) family 6 model 142 stepping 12, cmov, cx8, fxsr, mmx, sse, sse2, sse3, ssse3, sse4.1, sse4.2, popcnt, avx, avx2, aes, clmul, erms, 3dnowpref, lzcnt, ht, tsc, tscinvbit, bmi1, bmi2, adx

Memory: 4k page, physical 8151284k(1679916k free), swap 10087668k(5120k free)

vm_info: Java HotSpot(TM) 64-Bit Server VM (25.281-b09) for windows-amd64 JRE (1.8.0_281-b09), built on Dec  9 2020 13:54:07 by "" with MS VC++ 15.9 (VS2017)

time: Thu Feb 18 15:20:20 2021
timezone: ?D1¨²¡À¨º¡Á?¨º¡À??
elapsed time: 1.624943 seconds (0d 0h 0m 1s)

