#
# There is insufficient memory for the Java Runtime Environment to continue.
# Native memory allocation (malloc) failed to allocate 1048576 bytes for AllocateHeap
# Possible reasons:
#   The system is out of physical RAM or swap space
#   The process is running with CompressedOops enabled, and the Java Heap may be blocking the growth of the native heap
# Possible solutions:
#   Reduce memory load on the system
#   Increase physical memory or swap space
#   Check if swap backing store is full
#   Decrease Java heap size (-Xmx/-Xms)
#   Decrease number of Java threads
#   Decrease Java thread stack sizes (-Xss)
#   Set larger code cache with -XX:ReservedCodeCacheSize=
#   JVM is running with Unscaled Compressed Oops mode in which the Java heap is
#     placed in the first 4GB address space. The Java Heap base address is the
#     maximum limit for the native heap growth. Please use -XX:HeapBaseMinAddress
#     to set the Java Heap base and to place the Java Heap above 4GB virtual address.
# This output file may be truncated or incomplete.
#
#  Out of Memory Error (memory/allocation.inline.hpp:61), pid=6440, tid=0x0000000000002318
#
# JRE version:  (8.0_281-b09) (build )
# Java VM: Java HotSpot(TM) 64-Bit Server VM (25.281-b09 mixed mode windows-amd64 compressed oops)
# Failed to write core dump. Minidumps are not enabled by default on client versions of Windows
#

---------------  T H R E A D  ---------------

Current thread (0x000002bc7301b800):  JavaThread "Unknown thread" [_thread_in_vm, id=8984, stack(0x000000cf3e000000,0x000000cf3e100000)]

Stack: [0x000000cf3e000000,0x000000cf3e100000]
Native frames: (J=compiled Java code, j=interpreted, Vv=VM code, C=native code)
V  [jvm.dll+0x32e5b9]
V  [jvm.dll+0x275012]
V  [jvm.dll+0x275cbd]
V  [jvm.dll+0x26c6f5]
V  [jvm.dll+0x509d]
V  [jvm.dll+0x3c96ec]
V  [jvm.dll+0x3c5a67]
V  [jvm.dll+0xfcaaf]
V  [jvm.dll+0x209a1b]
V  [jvm.dll+0x2383d7]
V  [jvm.dll+0x162566]
C  [java.exe+0x2312]
C  [java.exe+0x15f54]
C  [KERNEL32.DLL+0x17c24]
C  [ntdll.dll+0x6d721]


---------------  P R O C E S S  ---------------

Java Threads: ( => current thread )

Other Threads:

=>0x000002bc7301b800 (exited) JavaThread "Unknown thread" [_thread_in_vm, id=8984, stack(0x000000cf3e000000,0x000000cf3e100000)]

VM state:not at safepoint (normal execution)

VM Mutex/Monitor currently owned by a thread: None

heap address: 0x00000000e0000000, size: 512 MB, Compressed Oops mode: 32-bit
Narrow klass base: 0x0000000000000000, Narrow klass shift: 3
Compressed class space size: 1073741824 Address: 0x0000000100000000

Heap:
 PSYoungGen      total 38400K, used 665K [0x00000000f5580000, 0x00000000f8000000, 0x0000000100000000)
  eden space 33280K, 2% used [0x00000000f5580000,0x00000000f5626670,0x00000000f7600000)
  from space 5120K, 0% used [0x00000000f7b00000,0x00000000f7b00000,0x00000000f8000000)
  to   space 5120K, 0% used [0x00000000f7600000,0x00000000f7600000,0x00000000f7b00000)
 ParOldGen       total 87552K, used 0K [0x00000000e0000000, 0x00000000e5580000, 0x00000000f5580000)
  object space 87552K, 0% used [0x00000000e0000000,0x00000000e0000000,0x00000000e5580000)
 Metaspace       used 777K, capacity 4480K, committed 4480K, reserved 1056768K
  class space    used 76K, capacity 384K, committed 384K, reserved 1048576K

Card table byte_map: [0x000002bc74c60000,0x000002bc74d70000] byte_map_base: 0x000002bc74560000

Marking Bits: (ParMarkBitMap*) 0x0000000057376ff0
 Begin Bits: [0x000002bc74e20000, 0x000002bc75620000)
 End Bits:   [0x000002bc75620000, 0x000002bc75e20000)

Polling page: 0x000002bc72fd0000

CodeCache: size=245760Kb used=328Kb max_used=328Kb free=245431Kb
 bounds [0x000002bc00000000, 0x000002bc00270000, 0x000002bc0f000000]
 total_blobs=58 nmethods=0 adapters=38
 compilation: enabled

Compilation events (0 events):
No events

GC Heap History (0 events):
No events

Deoptimization events (0 events):
No events

Classes redefined (0 events):
No events

Internal exceptions (0 events):
No events

Events (10 events):
Event: 0.031 loading class java/lang/Short
Event: 0.031 loading class java/lang/Short done
Event: 0.031 loading class java/lang/Integer
Event: 0.031 loading class java/lang/Integer done
Event: 0.031 loading class java/lang/Long
Event: 0.031 loading class java/lang/Long done
Event: 0.031 loading class java/lang/NullPointerException
Event: 0.031 loading class java/lang/NullPointerException done
Event: 0.031 loading class java/lang/ArithmeticException
Event: 0.031 loading class java/lang/ArithmeticException done


Dynamic libraries:
0x00007ff6f4f50000 - 0x00007ff6f4f97000 	C:\Application\Java\jdk-1.8.281\bin\java.exe
0x00007ffe71140000 - 0x00007ffe71330000 	C:\Windows\SYSTEM32\ntdll.dll
0x00007ffe71040000 - 0x00007ffe710f2000 	C:\Windows\System32\KERNEL32.DLL
0x00007ffe6e0f0000 - 0x00007ffe6e395000 	C:\Windows\System32\KERNELBASE.dll
0x00007ffe6f360000 - 0x00007ffe6f403000 	C:\Windows\System32\ADVAPI32.dll
0x00007ffe6fbe0000 - 0x00007ffe6fc7e000 	C:\Windows\System32\msvcrt.dll
0x00007ffe6fb30000 - 0x00007ffe6fbc7000 	C:\Windows\System32\sechost.dll
0x00007ffe70570000 - 0x00007ffe7068f000 	C:\Windows\System32\RPCRT4.dll
0x00007ffe70900000 - 0x00007ffe70a94000 	C:\Windows\System32\USER32.dll
0x00007ffe6f020000 - 0x00007ffe6f041000 	C:\Windows\System32\win32u.dll
0x00007ffe6f8f0000 - 0x00007ffe6f916000 	C:\Windows\System32\GDI32.dll
0x00007ffe6e5f0000 - 0x00007ffe6e788000 	C:\Windows\System32\gdi32full.dll
0x00007ffe6f050000 - 0x00007ffe6f0ee000 	C:\Windows\System32\msvcp_win.dll
0x00007ffe6e4f0000 - 0x00007ffe6e5ea000 	C:\Windows\System32\ucrtbase.dll
0x00007ffe4b960000 - 0x00007ffe4bbe4000 	C:\Windows\WinSxS\amd64_microsoft.windows.common-controls_6595b64144ccf1df_6.0.18362.1379_none_9e7ff3b3e45cc0c4\COMCTL32.dll
0x00007ffe6f410000 - 0x00007ffe6f747000 	C:\Windows\System32\combase.dll
0x00007ffe6f0f0000 - 0x00007ffe6f171000 	C:\Windows\System32\bcryptPrimitives.dll
0x00007ffe707f0000 - 0x00007ffe7081e000 	C:\Windows\System32\IMM32.DLL
0x00007ffe692c0000 - 0x00007ffe692d5000 	C:\Application\Java\jdk-1.8.281\jre\bin\vcruntime140.dll
0x00007ffe62110000 - 0x00007ffe621ab000 	C:\Application\Java\jdk-1.8.281\jre\bin\msvcp140.dll
0x0000000056b90000 - 0x00000000573ef000 	C:\Application\Java\jdk-1.8.281\jre\bin\server\jvm.dll
0x00007ffe6fbd0000 - 0x00007ffe6fbd8000 	C:\Windows\System32\PSAPI.DLL
0x00007ffe5dcc0000 - 0x00007ffe5dcc9000 	C:\Windows\SYSTEM32\WSOCK32.dll
0x00007ffe5bfe0000 - 0x00007ffe5c004000 	C:\Windows\SYSTEM32\WINMM.dll
0x00007ffe68720000 - 0x00007ffe6872a000 	C:\Windows\SYSTEM32\VERSION.dll
0x00007ffe70890000 - 0x00007ffe708ff000 	C:\Windows\System32\WS2_32.dll
0x00007ffe5d960000 - 0x00007ffe5d98d000 	C:\Windows\SYSTEM32\winmmbase.dll
0x00007ffe6f180000 - 0x00007ffe6f1ca000 	C:\Windows\System32\cfgmgr32.dll
0x00007ffe6e0a0000 - 0x00007ffe6e0b1000 	C:\Windows\System32\kernel.appcore.dll
0x00007ffe697f0000 - 0x00007ffe69800000 	C:\Application\Java\jdk-1.8.281\jre\bin\verify.dll
0x00007ffe69270000 - 0x00007ffe6929b000 	C:\Application\Java\jdk-1.8.281\jre\bin\java.dll
0x00007ffe40050000 - 0x00007ffe40080000 	C:\Application\Java\jdk-1.8.281\jre\bin\instrument.dll
0x00007ffe69190000 - 0x00007ffe691a8000 	C:\Application\Java\jdk-1.8.281\jre\bin\zip.dll
0x00007ffe6ab00000 - 0x00007ffe6acf4000 	C:\Windows\SYSTEM32\dbghelp.dll

VM Arguments:
jvm_args: -Dmaven.multiModuleProjectDirectory=D:\programing\learn-javafx -Xms128m -Xmx512m -Dmaven.home=C:\Application\JetBrains\IntelliJ IDEA 2020.1.3\plugins\maven\lib\maven3 -Dclassworlds.conf=C:\Application\JetBrains\IntelliJ IDEA 2020.1.3\plugins\maven\lib\maven3\bin\m2.conf -Dmaven.ext.class.path=C:\Application\JetBrains\IntelliJ IDEA 2020.1.3\plugins\maven\lib\maven-event-listener.jar -javaagent:C:\Application\JetBrains\IntelliJ IDEA 2020.1.3\lib\idea_rt.jar=62129:C:\Application\JetBrains\IntelliJ IDEA 2020.1.3\bin -Dfile.encoding=UTF-8 
java_command: org.codehaus.classworlds.Launcher -Didea.version2020.1.3 compile
java_class_path (initial): C:\Application\JetBrains\IntelliJ IDEA 2020.1.3\plugins\maven\lib\maven3\boot\plexus-classworlds-2.6.0.jar;C:\Application\JetBrains\IntelliJ IDEA 2020.1.3\plugins\maven\lib\maven3\boot\plexus-classworlds.license;C:\Application\JetBrains\IntelliJ IDEA 2020.1.3\lib\idea_rt.jar
Launcher Type: SUN_STANDARD

Environment Variables:
JAVA_HOME=C:\Application\Java\jdk-1.8.281
PATH=C:\Program Files (x86)\Common Files\Oracle\Java\javapath;C:\Application\Java\jdk-1.8.281\bin;D:\Application\nvm;D:\Application\node;C:\Program Files\Common Files\Oracle\Java\javapath;C:\Windows\system32;C:\Windows;C:\Windows\System32\Wbem;C:\Windows\System32\WindowsPowerShell\v1.0\;C:\Windows\System32\OpenSSH\;C:\Application\Git\cmd;C:\Program Files\dotnet\;C:\Application\Python2.7.16;C:\Users\guoyh\AppData\Local\Yarn\bin;D:\Application\TortoiseSVN1.14\bin;;C:\Program Files\Docker\Docker\resources\bin;C:\ProgramData\DockerDesktop\version-bin;C:\Program Files\MySQL\MySQL Shell 8.0\bin\;%USERPROFILE%\AppData\Local\Microsoft\WindowsApps;C:\Application\Microsoft VS Code\bin;%JAVA_HOME%\bin;%MAVEN_HOME%\bin;C:\Application\Anacoda;C:\Application\Anacoda\Scripts;C:\Application\Anacoda\Library\bin;C:\Users\guoyh\AppData\Local\Yarn\bin;C:\Application\Python2.7.16;%USERPROFILE%\.dotnet\tools;%NVM_HOME%;%NVM_SYMLINK%;C:\Users\guoyh\AppData\Local\hyper\app-3.0.2\resources\bin
USERNAME=guoyh
OS=Windows_NT
PROCESSOR_IDENTIFIER=Intel64 Family 6 Model 142 Stepping 12, GenuineIntel



---------------  S Y S T E M  ---------------

OS: Windows 10.0 , 64 bit Build 18362 (10.0.18362.1350)

CPU:total 8 (initial active 8) (4 cores per cpu, 2 threads per core) family 6 model 142 stepping 12, cmov, cx8, fxsr, mmx, sse, sse2, sse3, ssse3, sse4.1, sse4.2, popcnt, avx, avx2, aes, clmul, erms, 3dnowpref, lzcnt, ht, tsc, tscinvbit, bmi1, bmi2, adx

Memory: 4k page, physical 8151284k(1698944k free), swap 10087668k(5140k free)

vm_info: Java HotSpot(TM) 64-Bit Server VM (25.281-b09) for windows-amd64 JRE (1.8.0_281-b09), built on Dec  9 2020 13:54:07 by "" with MS VC++ 15.9 (VS2017)

time: Thu Feb 18 15:19:25 2021
timezone: ?D1¨²¡À¨º¡Á?¨º¡À??
elapsed time: 0.044701 seconds (0d 0h 0m 0s)

